Using pre-set license
Built from '2021.1/staging' branch; Version is '2021.1.24f1 (6667702a1e7c) revision 6711152'; Using compiler version '192528614'; Build Type 'Release'
OS: 'Windows 10 Pro; OS build 19045.5011; Version 2009; 64bit' Language: 'ru' Physical Memory: 16294 MB
BatchMode: 1, IsHumanControllingUs: 0, StartBugReporterOnCrash: 0, Is64bit: 1, IsPro: 0

COMMAND LINE ARGUMENTS:
C:\Program Files\Unity\Hub\Editor\2021.1.24f1\Editor\Unity.exe
-adb2
-batchMode
-noUpm
-name
AssetImportWorker0
-projectPath
C:/Users/User/Desktop/Kart-Racing-main
-logFile
Logs/AssetImportWorker0.log
-srvPort
56200
Successfully changed project path to: C:/Users/User/Desktop/Kart-Racing-main
C:/Users/User/Desktop/Kart-Racing-main
Using Asset Import Pipeline V2.
Refreshing native plugins compatible for Editor in 48.38 ms, found 2 plugins.
Preloading 0 native plugins for Editor in 0.00 ms.
Initialize engine version: 2021.1.24f1 (6667702a1e7c)
[Subsystems] Discovering subsystems at path C:/Program Files/Unity/Hub/Editor/2021.1.24f1/Editor/Data/Resources/UnitySubsystems
[Subsystems] Discovering subsystems at path C:/Users/User/Desktop/Kart-Racing-main/Assets
GfxDevice: creating device client; threaded=0; jobified=0
Direct3D:
    Version:  Direct3D 11.0 [level 11.1]
    Renderer: NVIDIA GeForce RTX 2060 (ID=0x1e89)
    Vendor:   NVIDIA
    VRAM:     5945 MB
    Driver:   32.0.15.6094
Initialize mono
Mono path[0] = 'C:/Program Files/Unity/Hub/Editor/2021.1.24f1/Editor/Data/Managed'
Mono path[1] = 'C:/Program Files/Unity/Hub/Editor/2021.1.24f1/Editor/Data/MonoBleedingEdge/lib/mono/unityjit'
Mono config path = 'C:/Program Files/Unity/Hub/Editor/2021.1.24f1/Editor/Data/MonoBleedingEdge/etc'
Using monoOptions --debugger-agent=transport=dt_socket,embedding=1,server=y,suspend=n,address=127.0.0.1:56752
Begin MonoManager ReloadAssembly
Registering precompiled unity dll's ...
Register platform support module: C:/Program Files/Unity/Hub/Editor/2021.1.24f1/Editor/Data/PlaybackEngines/WindowsStandaloneSupport/UnityEditor.WindowsStandalone.Extensions.dll
Registered in 0.004340 seconds.
Native extension for WindowsStandalone target not found
Refreshing native plugins compatible for Editor in 41.24 ms, found 2 plugins.
Preloading 0 native plugins for Editor in 0.00 ms.
Mono: successfully reloaded assembly
- Completed reload, in  1.894 seconds
Domain Reload Profiling:
	ReloadAssembly (1895ms)
		BeginReloadAssembly (108ms)
			ExecutionOrderSort (0ms)
			DisableScriptedObjects (0ms)
			BackupInstance (0ms)
			ReleaseScriptingObjects (0ms)
			CreateAndSetChildDomain (1ms)
		EndReloadAssembly (584ms)
			LoadAssemblies (103ms)
			RebuildTransferFunctionScriptingTraits (0ms)
			SetupTypeCache (252ms)
			ReleaseScriptCaches (0ms)
			RebuildScriptCaches (37ms)
			SetupLoadedEditorAssemblies (225ms)
				LogAssemblyErrors (0ms)
				InitializePlatformSupportModulesInManaged (9ms)
				SetLoadedEditorAssemblies (0ms)
				RefreshPlugins (41ms)
				BeforeProcessingInitializeOnLoad (2ms)
				ProcessInitializeOnLoadAttributes (133ms)
				ProcessInitializeOnLoadMethodAttributes (40ms)
				AfterProcessingInitializeOnLoad (0ms)
				EditorAssembliesLoaded (0ms)
			ExecutionOrderSort2 (0ms)
			AwakeInstancesAfterBackupRestoration (0ms)
Platform modules already initialized, skipping
Registering precompiled user dll's ...
Registered in 0.007325 seconds.
Begin MonoManager ReloadAssembly
Native extension for WindowsStandalone target not found
Refreshing native plugins compatible for Editor in 0.44 ms, found 2 plugins.
Preloading 0 native plugins for Editor in 0.00 ms.
Mono: successfully reloaded assembly
- Completed reload, in  1.540 seconds
Domain Reload Profiling:
	ReloadAssembly (1541ms)
		BeginReloadAssembly (236ms)
			ExecutionOrderSort (0ms)
			DisableScriptedObjects (7ms)
			BackupInstance (0ms)
			ReleaseScriptingObjects (0ms)
			CreateAndSetChildDomain (28ms)
		EndReloadAssembly (1209ms)
			LoadAssemblies (154ms)
			RebuildTransferFunctionScriptingTraits (0ms)
			SetupTypeCache (449ms)
			ReleaseScriptCaches (0ms)
			RebuildScriptCaches (66ms)
			SetupLoadedEditorAssemblies (418ms)
				LogAssemblyErrors (0ms)
				InitializePlatformSupportModulesInManaged (6ms)
				SetLoadedEditorAssemblies (0ms)
				RefreshPlugins (1ms)
				BeforeProcessingInitializeOnLoad (73ms)
				ProcessInitializeOnLoadAttributes (315ms)
				ProcessInitializeOnLoadMethodAttributes (7ms)
				AfterProcessingInitializeOnLoad (15ms)
				EditorAssembliesLoaded (0ms)
			ExecutionOrderSort2 (0ms)
			AwakeInstancesAfterBackupRestoration (10ms)
Platform modules already initialized, skipping
========================================================================
Worker process is ready to serve import requests
Launched and connected shader compiler UnityShaderCompiler.exe after 0.09 seconds
Refreshing native plugins compatible for Editor in 0.53 ms, found 2 plugins.
Preloading 0 native plugins for Editor in 0.00 ms.
Unloading 1618 Unused Serialized files (Serialized files now loaded: 0)
System memory in use before: 74.4 MB.
System memory in use after: 74.4 MB.

Unloading 18 unused Assets to reduce memory usage. Loaded Objects now: 2066.
Total: 4.592000 ms (FindLiveObjects: 0.227800 ms CreateObjectMapping: 0.047400 ms MarkObjects: 4.190600 ms  DeleteObjects: 0.124600 ms)

AssetImportParameters requested are different than current active one (requested -> active):
  custom:framework-win-MediaFoundation: 216162199b28c13a410421893ffa2e32 -> 
  custom:video-decoder-ogg-theora: a1e56fd34408186e4bbccfd4996cb3dc -> 
  custom:container-muxer-webm: aa71ff27fc2769a1b78a27578f13a17b -> 
  custom:container-demuxer-webm: 4f35f7cbe854078d1ac9338744f61a02 -> 
  custom:container-demuxer-ogg: 62fdf1f143b41e24485cea50d1cbac27 -> 
  custom:video-encoder-webm-vp8: eb34c28f22e8b96e1ab97ce403110664 -> 
  custom:video-decoder-webm-vp8: 9c59270c3fd7afecdb556c50c9e8de78 -> 
  custom:audio-decoder-ogg-vorbis: bf7c407c2cedff20999df2af8eb42d56 -> 
  custom:audio-encoder-webm-vorbis: bf7c407c2cedff20999df2af8eb42d56 -> 
========================================================================
Received Import Request.
  path: Assets/Models/raceCarRed.fbx
  artifactKey: Guid(764e3adbcb0ab0844be4525aeda81570) Importer(815301076,1909f56bfc062723c751e8b465ee728b)
Start importing Assets/Models/raceCarRed.fbx using Guid(764e3adbcb0ab0844be4525aeda81570) Importer(815301076,1909f56bfc062723c751e8b465ee728b)  -> (artifact id: '038c2928197c647506babad546260506') in 0.803238 seconds 
========================================================================
Received Import Request.
  Time since last request: 0.000257 seconds.
  path: Assets/Models/pitsOffice.fbx
  artifactKey: Guid(cc2168b274a4bd9439c7378b9e8b3115) Importer(815301076,1909f56bfc062723c751e8b465ee728b)
Start importing Assets/Models/pitsOffice.fbx using Guid(cc2168b274a4bd9439c7378b9e8b3115) Importer(815301076,1909f56bfc062723c751e8b465ee728b)  -> (artifact id: '601b8864a959145ecc4d786bf63eda93') in 0.070272 seconds 
========================================================================
Received Import Request.
  Time since last request: 0.000198 seconds.
  path: Assets/Models/tentClosedLong.fbx
  artifactKey: Guid(29e4c387c88b0704c9a6fa716cc2f897) Importer(815301076,1909f56bfc062723c751e8b465ee728b)
Start importing Assets/Models/tentClosedLong.fbx using Guid(29e4c387c88b0704c9a6fa716cc2f897) Importer(815301076,1909f56bfc062723c751e8b465ee728b)  -> (artifact id: '5dbd0cb5317ab2de64ef17fccfdbbad9') in 0.051831 seconds 
========================================================================
Received Import Request.
  Time since last request: 0.000201 seconds.
  path: Assets/Models/roadSplit.fbx
  artifactKey: Guid(3103f8ba850694e4398348006440818f) Importer(815301076,1909f56bfc062723c751e8b465ee728b)
Start importing Assets/Models/roadSplit.fbx using Guid(3103f8ba850694e4398348006440818f) Importer(815301076,1909f56bfc062723c751e8b465ee728b)  -> (artifact id: '7b48ba32c3b0bc60b3d344ed9c05675b') in 0.059867 seconds 
========================================================================
Received Import Request.
  Time since last request: 0.000324 seconds.
  path: Assets/Models/roadPitEntry.fbx
  artifactKey: Guid(4a8f5b1e108badd4ba873ea4cf21c8f0) Importer(815301076,1909f56bfc062723c751e8b465ee728b)
Start importing Assets/Models/roadPitEntry.fbx using Guid(4a8f5b1e108badd4ba873ea4cf21c8f0) Importer(815301076,1909f56bfc062723c751e8b465ee728b)  -> (artifact id: 'c6fad763fcc7f65cb7ce9e8fe3d91b61') in 0.060268 seconds 
========================================================================
Received Import Request.
  Time since last request: 0.000241 seconds.
  path: Assets/Models/flagGreen.fbx
  artifactKey: Guid(02afd7e77feb8b24bb1256cc587e5391) Importer(815301076,1909f56bfc062723c751e8b465ee728b)
Start importing Assets/Models/flagGreen.fbx using Guid(02afd7e77feb8b24bb1256cc587e5391) Importer(815301076,1909f56bfc062723c751e8b465ee728b)  -> (artifact id: 'f1f8a4b3d01613d66546ad3296c2b9f3') in 0.068261 seconds 
========================================================================
Received Import Request.
  Time since last request: 0.000196 seconds.
  path: Assets/Models/roadCornerLargerBorderInner.fbx
  artifactKey: Guid(c599fa44d2b055241bccbdeaba9fad25) Importer(815301076,1909f56bfc062723c751e8b465ee728b)
Start importing Assets/Models/roadCornerLargerBorderInner.fbx using Guid(c599fa44d2b055241bccbdeaba9fad25) Importer(815301076,1909f56bfc062723c751e8b465ee728b)  -> (artifact id: '6d62014f52baa90a0921e0b7f197132f') in 0.044402 seconds 
========================================================================
Received Import Request.
  Time since last request: 0.000225 seconds.
  path: Assets/Models/flagRed.fbx
  artifactKey: Guid(1b92d8901ae2af54fadaee1edb7f708b) Importer(815301076,1909f56bfc062723c751e8b465ee728b)
Start importing Assets/Models/flagRed.fbx using Guid(1b92d8901ae2af54fadaee1edb7f708b) Importer(815301076,1909f56bfc062723c751e8b465ee728b)  -> (artifact id: '3dc0dd2be8ac80d4573420029ae9c576') in 0.066725 seconds 
========================================================================
Received Import Request.
  Time since last request: 0.000206 seconds.
  path: Assets/Models/roadEnd.fbx
  artifactKey: Guid(e3a9bbf5c06073443b057010a4b6ef6d) Importer(815301076,1909f56bfc062723c751e8b465ee728b)
Start importing Assets/Models/roadEnd.fbx using Guid(e3a9bbf5c06073443b057010a4b6ef6d) Importer(815301076,1909f56bfc062723c751e8b465ee728b)  -> (artifact id: 'de72b9a5637d06e5fb87e05f0043f4b7') in 0.053775 seconds 
========================================================================
Received Import Request.
  Time since last request: 0.000197 seconds.
  path: Assets/Models/camera_exclusive.fbx
  artifactKey: Guid(fc01da0199579de478366884a471c114) Importer(815301076,1909f56bfc062723c751e8b465ee728b)
Start importing Assets/Models/camera_exclusive.fbx using Guid(fc01da0199579de478366884a471c114) Importer(815301076,1909f56bfc062723c751e8b465ee728b)  -> (artifact id: '5c0e5418b269633a37646abc76f45f88') in 0.037522 seconds 
========================================================================
Received Import Request.
  Time since last request: 0.000189 seconds.
  path: Assets/Models/roadPitStraightLong.fbx
  artifactKey: Guid(c4045156c63150c4c8df48aa3c15f083) Importer(815301076,1909f56bfc062723c751e8b465ee728b)
Start importing Assets/Models/roadPitStraightLong.fbx using Guid(c4045156c63150c4c8df48aa3c15f083) Importer(815301076,1909f56bfc062723c751e8b465ee728b)  -> (artifact id: '3c21da19503bcc83ac306e6044482dc7') in 0.035708 seconds 
========================================================================
Received Import Request.
  Time since last request: 0.000192 seconds.
  path: Assets/Models/railDouble.fbx
  artifactKey: Guid(8df3a8c411f6ac24da31c47e220a915b) Importer(815301076,1909f56bfc062723c751e8b465ee728b)
Start importing Assets/Models/railDouble.fbx using Guid(8df3a8c411f6ac24da31c47e220a915b) Importer(815301076,1909f56bfc062723c751e8b465ee728b)  -> (artifact id: '58458396d84976a710a83ccba8445347') in 0.031764 seconds 
========================================================================
Received Import Request.
  Time since last request: 0.000215 seconds.
  path: Assets/Models/grandStandCoveredRound.fbx
  artifactKey: Guid(56e65a2de93918a4a91a50ff59bc010c) Importer(815301076,1909f56bfc062723c751e8b465ee728b)
Start importing Assets/Models/grandStandCoveredRound.fbx using Guid(56e65a2de93918a4a91a50ff59bc010c) Importer(815301076,1909f56bfc062723c751e8b465ee728b)  -> (artifact id: '65d69fb504f10e89961d15919665c005') in 0.045471 seconds 
========================================================================
Received Import Request.
  Time since last request: 0.000231 seconds.
  path: Assets/Models/roadCornerLargeBorder.fbx
  artifactKey: Guid(97280e053f30c8945af00b24252dec6a) Importer(815301076,1909f56bfc062723c751e8b465ee728b)
Start importing Assets/Models/roadCornerLargeBorder.fbx using Guid(97280e053f30c8945af00b24252dec6a) Importer(815301076,1909f56bfc062723c751e8b465ee728b)  -> (artifact id: 'a34e437f64a7efa73f17394ebc34e8b9') in 0.037918 seconds 
========================================================================
Received Import Request.
  Time since last request: 0.000215 seconds.
  path: Assets/Models/roadStraightLongBumpRound.fbx
  artifactKey: Guid(756c9edbb2e09d146b840e537dd90604) Importer(815301076,1909f56bfc062723c751e8b465ee728b)
Start importing Assets/Models/roadStraightLongBumpRound.fbx using Guid(756c9edbb2e09d146b840e537dd90604) Importer(815301076,1909f56bfc062723c751e8b465ee728b)  -> (artifact id: '4dc1f9cfeb4865057ea2f5febf82dda3') in 0.047033 seconds 
========================================================================
Received Import Request.
  Time since last request: 0.000256 seconds.
  path: Assets/Models/roadRamp.fbx
  artifactKey: Guid(4574f6c7c4da89b4390e7d565d70276e) Importer(815301076,1909f56bfc062723c751e8b465ee728b)
Start importing Assets/Models/roadRamp.fbx using Guid(4574f6c7c4da89b4390e7d565d70276e) Importer(815301076,1909f56bfc062723c751e8b465ee728b)  -> (artifact id: '7e948cde904728a54a4a06828ac9d3aa') in 0.040316 seconds 
========================================================================
Received Import Request.
  Time since last request: 0.000273 seconds.
  path: Assets/Models/roadStart.fbx
  artifactKey: Guid(40705aa7a7d35734c9bdffd8529d551b) Importer(815301076,1909f56bfc062723c751e8b465ee728b)
Start importing Assets/Models/roadStart.fbx using Guid(40705aa7a7d35734c9bdffd8529d551b) Importer(815301076,1909f56bfc062723c751e8b465ee728b)  -> (artifact id: 'a18ff4a782d3eabb6f176597d6ff0bb8') in 0.044440 seconds 
========================================================================
Received Import Request.
  Time since last request: 0.000233 seconds.
  path: Assets/Models/roadRampLong.fbx
  artifactKey: Guid(504c9826ea5b9bd419602991cd3be94e) Importer(815301076,1909f56bfc062723c751e8b465ee728b)
Start importing Assets/Models/roadRampLong.fbx using Guid(504c9826ea5b9bd419602991cd3be94e) Importer(815301076,1909f56bfc062723c751e8b465ee728b)  -> (artifact id: '155de93d5e78d373f4ed628205f10fa4') in 0.043245 seconds 
========================================================================
Received Import Request.
  Time since last request: 0.000227 seconds.
  path: Assets/Models/roadCornerLargeBorderInner.fbx
  artifactKey: Guid(fc85a97cc811b15499eee855dc730b50) Importer(815301076,1909f56bfc062723c751e8b465ee728b)
Start importing Assets/Models/roadCornerLargeBorderInner.fbx using Guid(fc85a97cc811b15499eee855dc730b50) Importer(815301076,1909f56bfc062723c751e8b465ee728b)  -> (artifact id: '304f7cab984cedf6687865eda2545502') in 0.040207 seconds 
========================================================================
Received Import Request.
  Time since last request: 0.000246 seconds.
  path: Assets/Models/roadSide.fbx
  artifactKey: Guid(637a81dc069c2c048acc37fc983df01c) Importer(815301076,1909f56bfc062723c751e8b465ee728b)
Start importing Assets/Models/roadSide.fbx using Guid(637a81dc069c2c048acc37fc983df01c) Importer(815301076,1909f56bfc062723c751e8b465ee728b)  -> (artifact id: '4d36e5e46649e620858ed2642a2065b0') in 0.044137 seconds 
========================================================================
Received Import Request.
  Time since last request: 0.000247 seconds.
  path: Assets/Models/roadStraightSkew.fbx
  artifactKey: Guid(c58a194f9c2871b43b55d90a9e5de386) Importer(815301076,1909f56bfc062723c751e8b465ee728b)
Start importing Assets/Models/roadStraightSkew.fbx using Guid(c58a194f9c2871b43b55d90a9e5de386) Importer(815301076,1909f56bfc062723c751e8b465ee728b)  -> (artifact id: '420006d3b613199fd023bea9e39e4dac') in 0.038218 seconds 
========================================================================
Received Import Request.
  Time since last request: 0.000329 seconds.
  path: Assets/Models/pitsOfficeRoof.fbx
  artifactKey: Guid(aae019ec0b33dc449a1a6141c6f20a18) Importer(815301076,1909f56bfc062723c751e8b465ee728b)
Start importing Assets/Models/pitsOfficeRoof.fbx using Guid(aae019ec0b33dc449a1a6141c6f20a18) Importer(815301076,1909f56bfc062723c751e8b465ee728b)  -> (artifact id: 'b041a893787f6fc9621de649aee9fa74') in 0.042046 seconds 
========================================================================
Received Import Request.
  Time since last request: 0.000257 seconds.
  path: Assets/Models/roadStraightLongBump.fbx
  artifactKey: Guid(f8a6335a0ca26bc429b58c28c9ea2cbf) Importer(815301076,1909f56bfc062723c751e8b465ee728b)
Start importing Assets/Models/roadStraightLongBump.fbx using Guid(f8a6335a0ca26bc429b58c28c9ea2cbf) Importer(815301076,1909f56bfc062723c751e8b465ee728b)  -> (artifact id: '829ab1169075a87f9b25e4a76a6d113d') in 0.045375 seconds 
========================================================================
Received Import Request.
  Time since last request: 0.000234 seconds.
  path: Assets/Models/overheadLights.fbx
  artifactKey: Guid(18a0dc631a5765a42acc1bdc88ce07b9) Importer(815301076,1909f56bfc062723c751e8b465ee728b)
Start importing Assets/Models/overheadLights.fbx using Guid(18a0dc631a5765a42acc1bdc88ce07b9) Importer(815301076,1909f56bfc062723c751e8b465ee728b)  -> (artifact id: 'f801c2a3fd2b5004c640a84ec26c5d6b') in 0.045875 seconds 
========================================================================
Received Import Request.
  Time since last request: 0.000207 seconds.
  path: Assets/Models/tentRoof.fbx
  artifactKey: Guid(28ebd7339e08ad74693287e049ec539f) Importer(815301076,1909f56bfc062723c751e8b465ee728b)
Start importing Assets/Models/tentRoof.fbx using Guid(28ebd7339e08ad74693287e049ec539f) Importer(815301076,1909f56bfc062723c751e8b465ee728b)  -> (artifact id: '20cad3a9f7bf7cd32666f4b2bcef9ae3') in 0.033957 seconds 
========================================================================
Received Import Request.
  Time since last request: 0.000232 seconds.
  path: Assets/Models/billboardLow.fbx
  artifactKey: Guid(4d223816a52bd0945b86e039b14a0c43) Importer(815301076,1909f56bfc062723c751e8b465ee728b)
Start importing Assets/Models/billboardLow.fbx using Guid(4d223816a52bd0945b86e039b14a0c43) Importer(815301076,1909f56bfc062723c751e8b465ee728b)  -> (artifact id: '8c39ce6866f3862d7ac5e10b36474613') in 0.046548 seconds 
========================================================================
Received Import Request.
  Time since last request: 0.000229 seconds.
  path: Assets/Models/flagCheckers.fbx
  artifactKey: Guid(573b40ba41e052a4d87fb9d22f10804e) Importer(815301076,1909f56bfc062723c751e8b465ee728b)
Start importing Assets/Models/flagCheckers.fbx using Guid(573b40ba41e052a4d87fb9d22f10804e) Importer(815301076,1909f56bfc062723c751e8b465ee728b)  -> (artifact id: '1e370be16591337e356bd1b4070e1819') in 0.057248 seconds 
========================================================================
Received Import Request.
  Time since last request: 0.000213 seconds.
  path: Assets/Models/pylon.fbx
  artifactKey: Guid(c06fb5185892ec94398cc6b9984d6259) Importer(815301076,1909f56bfc062723c751e8b465ee728b)
Start importing Assets/Models/pylon.fbx using Guid(c06fb5185892ec94398cc6b9984d6259) Importer(815301076,1909f56bfc062723c751e8b465ee728b)  -> (artifact id: '3c0166ae827ad7171a8509e53e50fea7') in 0.025984 seconds 
========================================================================
Received Import Request.
  Time since last request: 0.000343 seconds.
  path: Assets/Models/roadSplitLarger.fbx
  artifactKey: Guid(d2b1405db33aa6941b073e89baf7024b) Importer(815301076,1909f56bfc062723c751e8b465ee728b)
Start importing Assets/Models/roadSplitLarger.fbx using Guid(d2b1405db33aa6941b073e89baf7024b) Importer(815301076,1909f56bfc062723c751e8b465ee728b)  -> (artifact id: '065dc2e9a069fe68c1dfcad60577c1d8') in 0.037487 seconds 
========================================================================
Received Import Request.
  Time since last request: 0.000219 seconds.
  path: Assets/Models/pitsOfficeCorner.fbx
  artifactKey: Guid(7090b357814ab414da2688e2ff815132) Importer(815301076,1909f56bfc062723c751e8b465ee728b)
Start importing Assets/Models/pitsOfficeCorner.fbx using Guid(7090b357814ab414da2688e2ff815132) Importer(815301076,1909f56bfc062723c751e8b465ee728b)  -> (artifact id: 'fa8d2f3b597682a0ac25ffd2a0ca6e85') in 0.040242 seconds 
========================================================================
Received Import Request.
  Time since last request: 0.000231 seconds.
  path: Assets/Models/roadStraight.fbx
  artifactKey: Guid(5e415b0c2db636c44bd326c6b5a378f0) Importer(815301076,1909f56bfc062723c751e8b465ee728b)
Start importing Assets/Models/roadStraight.fbx using Guid(5e415b0c2db636c44bd326c6b5a378f0) Importer(815301076,1909f56bfc062723c751e8b465ee728b)  -> (artifact id: 'c5392afbea202ce29bddc945467ef75d') in 0.039648 seconds 
========================================================================
Received Import Request.
  Time since last request: 0.000203 seconds.
  path: Assets/Models/bannerTowerGreen.fbx
  artifactKey: Guid(19f554a387653f841a183d18fa518ba6) Importer(815301076,1909f56bfc062723c751e8b465ee728b)
Start importing Assets/Models/bannerTowerGreen.fbx using Guid(19f554a387653f841a183d18fa518ba6) Importer(815301076,1909f56bfc062723c751e8b465ee728b)  -> (artifact id: 'a16eb869606673deeb7bac0f85428b53') in 0.040372 seconds 
========================================================================
Received Import Request.
  Time since last request: 0.000254 seconds.
  path: Assets/Models/barrierWhite.fbx
  artifactKey: Guid(25e1af5126b518743a430f0f0ebd9560) Importer(815301076,1909f56bfc062723c751e8b465ee728b)
Start importing Assets/Models/barrierWhite.fbx using Guid(25e1af5126b518743a430f0f0ebd9560) Importer(815301076,1909f56bfc062723c751e8b465ee728b)  -> (artifact id: '103978195cf71b1526e65e25c01d4877') in 0.027606 seconds 
========================================================================
Received Import Request.
  Time since last request: 0.000271 seconds.
  path: Assets/Models/roadRampWall.fbx
  artifactKey: Guid(6bbee6d85c20d0f4f9463ec16d8a7a23) Importer(815301076,1909f56bfc062723c751e8b465ee728b)
Start importing Assets/Models/roadRampWall.fbx using Guid(6bbee6d85c20d0f4f9463ec16d8a7a23) Importer(815301076,1909f56bfc062723c751e8b465ee728b)  -> (artifact id: '69704ccc7c37af726d341cdd13fbc470') in 0.036399 seconds 
========================================================================
Received Import Request.
  Time since last request: 0.000221 seconds.
  path: Assets/Models/roadCornerLarger.fbx
  artifactKey: Guid(e2e08a579968d7c4c9be08891fa64cf0) Importer(815301076,1909f56bfc062723c751e8b465ee728b)
Start importing Assets/Models/roadCornerLarger.fbx using Guid(e2e08a579968d7c4c9be08891fa64cf0) Importer(815301076,1909f56bfc062723c751e8b465ee728b)  -> (artifact id: 'ed5034745bb015bab8557c8fddd25678') in 0.041098 seconds 
========================================================================
Received Import Request.
  Time since last request: 0.000183 seconds.
  path: Assets/Models/roadCornerLargerBorder.fbx
  artifactKey: Guid(319f86158edab194995d9912eeb310e6) Importer(815301076,1909f56bfc062723c751e8b465ee728b)
Start importing Assets/Models/roadCornerLargerBorder.fbx using Guid(319f86158edab194995d9912eeb310e6) Importer(815301076,1909f56bfc062723c751e8b465ee728b)  -> (artifact id: '278aaecdca47c6b592f0503710e45206') in 0.032986 seconds 
========================================================================
Received Import Request.
  Time since last request: 0.000242 seconds.
  path: Assets/Models/treeSmall.fbx
  artifactKey: Guid(654e52ccfb7565e45bba42e3a0a72e48) Importer(815301076,1909f56bfc062723c751e8b465ee728b)
Start importing Assets/Models/treeSmall.fbx using Guid(654e52ccfb7565e45bba42e3a0a72e48) Importer(815301076,1909f56bfc062723c751e8b465ee728b)  -> (artifact id: 'f9cad786f0417fce27da9c01232b6126') in 0.033563 seconds 
========================================================================
Received Import Request.
  Time since last request: 0.000262 seconds.
  path: Assets/Models/grandStand.fbx
  artifactKey: Guid(857930fb7002fe04c80ffe7f84e90f3a) Importer(815301076,1909f56bfc062723c751e8b465ee728b)
Start importing Assets/Models/grandStand.fbx using Guid(857930fb7002fe04c80ffe7f84e90f3a) Importer(815301076,1909f56bfc062723c751e8b465ee728b)  -> (artifact id: '519bbe4a071cbdd9efebd97dafa243d2') in 0.048660 seconds 
========================================================================
Received Import Request.
  Time since last request: 0.000282 seconds.
  path: Assets/Models/lightColored.fbx
  artifactKey: Guid(8bf3ce3a9ab418d47b5e2882cf1d76d1) Importer(815301076,1909f56bfc062723c751e8b465ee728b)
Start importing Assets/Models/lightColored.fbx using Guid(8bf3ce3a9ab418d47b5e2882cf1d76d1) Importer(815301076,1909f56bfc062723c751e8b465ee728b)  -> (artifact id: 'd3e767f0bd774a17b4d97c0e0794cd01') in 0.055602 seconds 
========================================================================
Received Import Request.
  Time since last request: 0.000251 seconds.
  path: Assets/Models/lightPost_exclusive.fbx
  artifactKey: Guid(4d4dd1a98b84c2545861012e5798f987) Importer(815301076,1909f56bfc062723c751e8b465ee728b)
Start importing Assets/Models/lightPost_exclusive.fbx using Guid(4d4dd1a98b84c2545861012e5798f987) Importer(815301076,1909f56bfc062723c751e8b465ee728b)  -> (artifact id: '3c10b2f2414a372ab61da56bef1d8dcb') in 0.045780 seconds 
========================================================================
Received Import Request.
  Time since last request: 0.000225 seconds.
  path: Assets/Models/tent.fbx
  artifactKey: Guid(ccf6666236209804c9a4d70221dc177a) Importer(815301076,1909f56bfc062723c751e8b465ee728b)
Start importing Assets/Models/tent.fbx using Guid(ccf6666236209804c9a4d70221dc177a) Importer(815301076,1909f56bfc062723c751e8b465ee728b)  -> (artifact id: '40a9771bd43a3b3aa20d3f29ee8c3913') in 0.040611 seconds 
========================================================================
Received Import Request.
  Time since last request: 0.000286 seconds.
  path: Assets/Models/overhead.fbx
  artifactKey: Guid(62c772d2e490fb34abe25facc037eaab) Importer(815301076,1909f56bfc062723c751e8b465ee728b)
Start importing Assets/Models/overhead.fbx using Guid(62c772d2e490fb34abe25facc037eaab) Importer(815301076,1909f56bfc062723c751e8b465ee728b)  -> (artifact id: 'e34f407e5e77cec6f2c4d51fe4ea7b53') in 0.032976 seconds 
========================================================================
Received Import Request.
  Time since last request: 0.000284 seconds.
  path: Assets/Models/roadCornerLarge.fbx
  artifactKey: Guid(19f645e1a54830a4f958154ab3b49ca2) Importer(815301076,1909f56bfc062723c751e8b465ee728b)
Start importing Assets/Models/roadCornerLarge.fbx using Guid(19f645e1a54830a4f958154ab3b49ca2) Importer(815301076,1909f56bfc062723c751e8b465ee728b)  -> (artifact id: 'c8f39ba46fdbcc9536f2125631827c24') in 0.038185 seconds 
========================================================================
Received Import Request.
  Time since last request: 0.000269 seconds.
  path: Assets/Models/roadStraightLong.fbx
  artifactKey: Guid(18fcf54f7e6df254b90ce43d16ca0153) Importer(815301076,1909f56bfc062723c751e8b465ee728b)
Start importing Assets/Models/roadStraightLong.fbx using Guid(18fcf54f7e6df254b90ce43d16ca0153) Importer(815301076,1909f56bfc062723c751e8b465ee728b)  -> (artifact id: 'd7b1f34a897991ba2d0d725d06b74867') in 0.043090 seconds 
========================================================================
Received Import Request.
  Time since last request: 0.000212 seconds.
  path: Assets/Models/fenceCurved.fbx
  artifactKey: Guid(a74c6707edcba0e4fa9101c194ee9f91) Importer(815301076,1909f56bfc062723c751e8b465ee728b)
Start importing Assets/Models/fenceCurved.fbx using Guid(a74c6707edcba0e4fa9101c194ee9f91) Importer(815301076,1909f56bfc062723c751e8b465ee728b)  -> (artifact id: 'a5bc805a2b34cc76e5cdd190c9b53d2f') in 0.035741 seconds 
========================================================================
Received Import Request.
  Time since last request: 0.000217 seconds.
  path: Assets/Models/roadRampLongCurvedWall.fbx
  artifactKey: Guid(08c6dc03374e0ff49850babcaaafd555) Importer(815301076,1909f56bfc062723c751e8b465ee728b)
Start importing Assets/Models/roadRampLongCurvedWall.fbx using Guid(08c6dc03374e0ff49850babcaaafd555) Importer(815301076,1909f56bfc062723c751e8b465ee728b)  -> (artifact id: '05396bab0803f3819bbd40fb361d72a1') in 0.039696 seconds 
========================================================================
Received Import Request.
  Time since last request: 0.000225 seconds.
  path: Assets/Models/roadCornerSmallBorder.fbx
  artifactKey: Guid(aa257fb8051847145ab40b676e111d8e) Importer(815301076,1909f56bfc062723c751e8b465ee728b)
Start importing Assets/Models/roadCornerSmallBorder.fbx using Guid(aa257fb8051847145ab40b676e111d8e) Importer(815301076,1909f56bfc062723c751e8b465ee728b)  -> (artifact id: '60d4c6b06ef195e2e7e6b96c475a0762') in 0.036553 seconds 
========================================================================
Received Import Request.
  Time since last request: 0.000373 seconds.
  path: Assets/Models/roadStraightBridgeStart.fbx
  artifactKey: Guid(2d49a8752c4fff94f90ac27a4887fdbd) Importer(815301076,1909f56bfc062723c751e8b465ee728b)
Start importing Assets/Models/roadStraightBridgeStart.fbx using Guid(2d49a8752c4fff94f90ac27a4887fdbd) Importer(815301076,1909f56bfc062723c751e8b465ee728b)  -> (artifact id: '03c6808c0fe952da24610124c8943bf4') in 0.039638 seconds 
========================================================================
Received Import Request.
  Time since last request: 0.000272 seconds.
  path: Assets/Models/overheadRoundColored.fbx
  artifactKey: Guid(bd09827277bf9ac409e3a797b526d88b) Importer(815301076,1909f56bfc062723c751e8b465ee728b)
Start importing Assets/Models/overheadRoundColored.fbx using Guid(bd09827277bf9ac409e3a797b526d88b) Importer(815301076,1909f56bfc062723c751e8b465ee728b)  -> (artifact id: '8f1727394cc7d7017375a6ecc7a57795') in 0.040485 seconds 
========================================================================
Received Import Request.
  Time since last request: 0.000433 seconds.
  path: Assets/Models/roadStraightLongMid.fbx
  artifactKey: Guid(1dabc1bc9feefdf40b591e9af5bdae44) Importer(815301076,1909f56bfc062723c751e8b465ee728b)
Start importing Assets/Models/roadStraightLongMid.fbx using Guid(1dabc1bc9feefdf40b591e9af5bdae44) Importer(815301076,1909f56bfc062723c751e8b465ee728b)  -> (artifact id: '1e56aa98f6f832d9ef69b3100605d389') in 0.043166 seconds 
========================================================================
Received Import Request.
  Time since last request: 0.000270 seconds.
  path: Assets/Models/race.fbx
  artifactKey: Guid(22e7027888d7a1a458459aa634b3e2c5) Importer(815301076,1909f56bfc062723c751e8b465ee728b)
Start importing Assets/Models/race.fbx using Guid(22e7027888d7a1a458459aa634b3e2c5) Importer(815301076,1909f56bfc062723c751e8b465ee728b)  -> (artifact id: 'da6250bdd34ac4825daef85f4b2fd339') in 0.105391 seconds 
========================================================================
Received Import Request.
  Time since last request: 0.000313 seconds.
  path: Assets/Models/billboardLower.fbx
  artifactKey: Guid(5cfb680f895f4f3428af15c9de2f8359) Importer(815301076,1909f56bfc062723c751e8b465ee728b)
Start importing Assets/Models/billboardLower.fbx using Guid(5cfb680f895f4f3428af15c9de2f8359) Importer(815301076,1909f56bfc062723c751e8b465ee728b)  -> (artifact id: '3c9e3e8a8b31ced575dfbcfead3831d5') in 0.063595 seconds 
========================================================================
Received Import Request.
  Time since last request: 0.000543 seconds.
  path: Assets/Models/lightRedDouble.fbx
  artifactKey: Guid(ffb7950f970098149bbf9b416be29518) Importer(815301076,1909f56bfc062723c751e8b465ee728b)
Start importing Assets/Models/lightRedDouble.fbx using Guid(ffb7950f970098149bbf9b416be29518) Importer(815301076,1909f56bfc062723c751e8b465ee728b)  -> (artifact id: '9e2cfd31d76fdc72c7b47e730e5a76c0') in 0.057672 seconds 
========================================================================
Received Import Request.
  Time since last request: 0.000331 seconds.
  path: Assets/Models/roadCornerSmall.fbx
  artifactKey: Guid(ef44b5b7b91be8841ad78e5394b16d1a) Importer(815301076,1909f56bfc062723c751e8b465ee728b)
Start importing Assets/Models/roadCornerSmall.fbx using Guid(ef44b5b7b91be8841ad78e5394b16d1a) Importer(815301076,1909f56bfc062723c751e8b465ee728b)  -> (artifact id: '55006b580a24600defd82eff71a4c898') in 0.044688 seconds 
========================================================================
Received Import Request.
  Time since last request: 0.000265 seconds.
  path: Assets/Models/grandStandAwning.fbx
  artifactKey: Guid(5003199ab4142f1449f9691530cc8964) Importer(815301076,1909f56bfc062723c751e8b465ee728b)
Start importing Assets/Models/grandStandAwning.fbx using Guid(5003199ab4142f1449f9691530cc8964) Importer(815301076,1909f56bfc062723c751e8b465ee728b)  -> (artifact id: '5de9adb8f7e5a7eb1e94cf6027363e16') in 0.062105 seconds 
========================================================================
Received Import Request.
  Time since last request: 0.000406 seconds.
  path: Assets/Models/roadCornerSmallSand.fbx
  artifactKey: Guid(317c02804f0a9544b81fb8b6da5abbb4) Importer(815301076,1909f56bfc062723c751e8b465ee728b)
Start importing Assets/Models/roadCornerSmallSand.fbx using Guid(317c02804f0a9544b81fb8b6da5abbb4) Importer(815301076,1909f56bfc062723c751e8b465ee728b)  -> (artifact id: 'a8987edd06a23c91c540f0ec9b920abc') in 0.049793 seconds 
========================================================================
Received Import Request.
  Time since last request: 0.000496 seconds.
  path: Assets/Models/grandStandRound.fbx
  artifactKey: Guid(96e8d52b2ef06cc4daf463e60f94d3da) Importer(815301076,1909f56bfc062723c751e8b465ee728b)
Start importing Assets/Models/grandStandRound.fbx using Guid(96e8d52b2ef06cc4daf463e60f94d3da) Importer(815301076,1909f56bfc062723c751e8b465ee728b)  -> (artifact id: '08ec36cae8aa7ee458b20e462006a573') in 0.076266 seconds 
========================================================================
Received Import Request.
  Time since last request: 0.000844 seconds.
  path: Assets/Models/raceCarOrange.fbx
  artifactKey: Guid(f2b9622b44f7da84ba9b965a0d3b5235) Importer(815301076,1909f56bfc062723c751e8b465ee728b)
Start importing Assets/Models/raceCarOrange.fbx using Guid(f2b9622b44f7da84ba9b965a0d3b5235) Importer(815301076,1909f56bfc062723c751e8b465ee728b)  -> (artifact id: 'd3a5930118ebdb975fc9325542da8821') in 0.122446 seconds 
========================================================================
Received Import Request.
  Time since last request: 0.000304 seconds.
  path: Assets/Models/billboard.fbx
  artifactKey: Guid(90fb79f6681a027488e823f12aff1e21) Importer(815301076,1909f56bfc062723c751e8b465ee728b)
Start importing Assets/Models/billboard.fbx using Guid(90fb79f6681a027488e823f12aff1e21) Importer(815301076,1909f56bfc062723c751e8b465ee728b)  -> (artifact id: 'ab2449708947ac426b80103a23396c9c') in 0.052197 seconds 
========================================================================
Received Import Request.
  Time since last request: 0.000315 seconds.
  path: Assets/Models/roadSplitRound.fbx
  artifactKey: Guid(0ea59f9fafe15d7479a935c7bc625144) Importer(815301076,1909f56bfc062723c751e8b465ee728b)
Start importing Assets/Models/roadSplitRound.fbx using Guid(0ea59f9fafe15d7479a935c7bc625144) Importer(815301076,1909f56bfc062723c751e8b465ee728b)  -> (artifact id: '529feebdb8fac2da8f4b62209d8fd6e6') in 0.048230 seconds 
========================================================================
Received Import Request.
  Time since last request: 0.000294 seconds.
  path: Assets/Models/raceCarWhite.fbx
  artifactKey: Guid(707a79a784cfe034fbd88f1f8f57c5cd) Importer(815301076,1909f56bfc062723c751e8b465ee728b)
Start importing Assets/Models/raceCarWhite.fbx using Guid(707a79a784cfe034fbd88f1f8f57c5cd) Importer(815301076,1909f56bfc062723c751e8b465ee728b)  -> (artifact id: 'abf004a9bcb3190676ec4c1d140054b1') in 0.107635 seconds 
========================================================================
Received Import Request.
  Time since last request: 0.000585 seconds.
  path: Assets/Models/roadCornerLargerSand.fbx
  artifactKey: Guid(9c94ca1b4dbcf3447a847606fca71fc0) Importer(815301076,1909f56bfc062723c751e8b465ee728b)
Start importing Assets/Models/roadCornerLargerSand.fbx using Guid(9c94ca1b4dbcf3447a847606fca71fc0) Importer(815301076,1909f56bfc062723c751e8b465ee728b)  -> (artifact id: '977a9f19d8a911e9ed24cad8fd6e8190') in 0.045088 seconds 
========================================================================
Received Import Request.
  Time since last request: 0.000424 seconds.
  path: Assets/Models/flagTankco.fbx
  artifactKey: Guid(66c504bdbd3ff574e92c866ec37834ab) Importer(815301076,1909f56bfc062723c751e8b465ee728b)
Start importing Assets/Models/flagTankco.fbx using Guid(66c504bdbd3ff574e92c866ec37834ab) Importer(815301076,1909f56bfc062723c751e8b465ee728b)  -> (artifact id: 'a4734d62c73e12c9f2b97e4e75da051a') in 0.057925 seconds 
========================================================================
Received Import Request.
  Time since last request: 0.000283 seconds.
  path: Assets/Models/roadSplitLarge.fbx
  artifactKey: Guid(c79a03624db4bab42be722251e8b53a8) Importer(815301076,1909f56bfc062723c751e8b465ee728b)
Start importing Assets/Models/roadSplitLarge.fbx using Guid(c79a03624db4bab42be722251e8b53a8) Importer(815301076,1909f56bfc062723c751e8b465ee728b)  -> (artifact id: '383da20e999ff196ac1eb651bae7191d') in 0.042932 seconds 
========================================================================
Received Import Request.
  Time since last request: 0.000223 seconds.
  path: Assets/Models/raceCarGreen.fbx
  artifactKey: Guid(2963772f159bff64da4b74c88b8ef573) Importer(815301076,1909f56bfc062723c751e8b465ee728b)
Start importing Assets/Models/raceCarGreen.fbx using Guid(2963772f159bff64da4b74c88b8ef573) Importer(815301076,1909f56bfc062723c751e8b465ee728b)  -> (artifact id: '3a7fb800393a4eee4f8b779a7a2c9b03') in 0.103779 seconds 
========================================================================
Received Import Request.
  Time since last request: 0.000393 seconds.
  path: Assets/Models/roadSplitRoundLarge.fbx
  artifactKey: Guid(e03951057153864428b1980b19656937) Importer(815301076,1909f56bfc062723c751e8b465ee728b)
Start importing Assets/Models/roadSplitRoundLarge.fbx using Guid(e03951057153864428b1980b19656937) Importer(815301076,1909f56bfc062723c751e8b465ee728b)  -> (artifact id: 'a11379f8825ec033eebb9e36a92f6376') in 0.053192 seconds 
========================================================================
Received Import Request.
  Time since last request: 0.000459 seconds.
  path: Assets/Models/lightPostModern.fbx
  artifactKey: Guid(486cf30a6f4d92b45b5985b1bb5956f0) Importer(815301076,1909f56bfc062723c751e8b465ee728b)
Start importing Assets/Models/lightPostModern.fbx using Guid(486cf30a6f4d92b45b5985b1bb5956f0) Importer(815301076,1909f56bfc062723c751e8b465ee728b)  -> (artifact id: 'c84f05dce334f05774989c444b4f989c') in 0.052342 seconds 
========================================================================
Received Import Request.
  Time since last request: 0.000355 seconds.
  path: Assets/Models/roadCornerLargeSandInner.fbx
  artifactKey: Guid(41cbc00a2dda9ff4cb43651e8596901c) Importer(815301076,1909f56bfc062723c751e8b465ee728b)
Start importing Assets/Models/roadCornerLargeSandInner.fbx using Guid(41cbc00a2dda9ff4cb43651e8596901c) Importer(815301076,1909f56bfc062723c751e8b465ee728b)  -> (artifact id: '9de3d437123524629cb32f7aad5ee104') in 0.043312 seconds 
========================================================================
Received Import Request.
  Time since last request: 0.000486 seconds.
  path: Assets/Models/grandStandCovered.fbx
  artifactKey: Guid(18616299349b9644daeea21589b947b8) Importer(815301076,1909f56bfc062723c751e8b465ee728b)
Start importing Assets/Models/grandStandCovered.fbx using Guid(18616299349b9644daeea21589b947b8) Importer(815301076,1909f56bfc062723c751e8b465ee728b)  -> (artifact id: 'ba3318d04f23589bc8b5629b38bd7284') in 0.064393 seconds 
========================================================================
Received Import Request.
  Time since last request: 0.000310 seconds.
  path: Assets/Models/overheadRound.fbx
  artifactKey: Guid(f7d243aa0be9197409f4f2dded12d577) Importer(815301076,1909f56bfc062723c751e8b465ee728b)
Start importing Assets/Models/overheadRound.fbx using Guid(f7d243aa0be9197409f4f2dded12d577) Importer(815301076,1909f56bfc062723c751e8b465ee728b)  -> (artifact id: '3af93592feae63015f06ea53c2d8c290') in 0.039451 seconds 
========================================================================
Received Import Request.
  Time since last request: 0.000391 seconds.
  path: Assets/Models/radarEquipment.fbx
  artifactKey: Guid(36b29479f16030d4bb08589e26c9671f) Importer(815301076,1909f56bfc062723c751e8b465ee728b)
Start importing Assets/Models/radarEquipment.fbx using Guid(36b29479f16030d4bb08589e26c9671f) Importer(815301076,1909f56bfc062723c751e8b465ee728b)  -> (artifact id: 'a20e97ccd17be1f98eca2a7ffffa2cf7') in 0.044758 seconds 
========================================================================
Received Import Request.
  Time since last request: 0.000414 seconds.
  path: Assets/Models/roadCornerLargerWall.fbx
  artifactKey: Guid(7ea6ad6871e632042bed1a38e775b9b3) Importer(815301076,1909f56bfc062723c751e8b465ee728b)
Start importing Assets/Models/roadCornerLargerWall.fbx using Guid(7ea6ad6871e632042bed1a38e775b9b3) Importer(815301076,1909f56bfc062723c751e8b465ee728b)  -> (artifact id: '31a210c1c5784199eed9401b1e485720') in 0.037311 seconds 
========================================================================
Received Import Request.
  Time since last request: 0.000308 seconds.
  path: Assets/Models/grass.fbx
  artifactKey: Guid(c6249ab8816583749ae5106cded92b14) Importer(815301076,1909f56bfc062723c751e8b465ee728b)
Start importing Assets/Models/grass.fbx using Guid(c6249ab8816583749ae5106cded92b14) Importer(815301076,1909f56bfc062723c751e8b465ee728b)  -> (artifact id: '3859f1e169d0808d9901177d9f7dabe9') in 0.035271 seconds 
========================================================================
Received Import Request.
  Time since last request: 0.000240 seconds.
  path: Assets/Models/rail.fbx
  artifactKey: Guid(ffb7ed3e3f8bb5745a4242983474bef7) Importer(815301076,1909f56bfc062723c751e8b465ee728b)
Start importing Assets/Models/rail.fbx using Guid(ffb7ed3e3f8bb5745a4242983474bef7) Importer(815301076,1909f56bfc062723c751e8b465ee728b)  -> (artifact id: '574bc8ef6b0fe961fec7813b28072f5f') in 0.031341 seconds 
========================================================================
Received Import Request.
  Time since last request: 0.000318 seconds.
  path: Assets/Models/lightRed.fbx
  artifactKey: Guid(d188919d5520ee847ad2c1c7af326ae9) Importer(815301076,1909f56bfc062723c751e8b465ee728b)
Start importing Assets/Models/lightRed.fbx using Guid(d188919d5520ee847ad2c1c7af326ae9) Importer(815301076,1909f56bfc062723c751e8b465ee728b)  -> (artifact id: 'd7b9c95b3d385619c454b4effad240c2') in 0.059936 seconds 
========================================================================
Received Import Request.
  Time since last request: 0.000321 seconds.
  path: Assets/Models/roadPitGarage.fbx
  artifactKey: Guid(cf9c15984b087bd458925087881c895b) Importer(815301076,1909f56bfc062723c751e8b465ee728b)
Start importing Assets/Models/roadPitGarage.fbx using Guid(cf9c15984b087bd458925087881c895b) Importer(815301076,1909f56bfc062723c751e8b465ee728b)  -> (artifact id: '4b16f9b4875e6ca1bf8533ddf47b8239') in 0.054108 seconds 
========================================================================
Received Import Request.
  Time since last request: 0.000192 seconds.
  path: Assets/Models/roadRampLongCurved.fbx
  artifactKey: Guid(1a00f85cff5da8447a31e14cb6ce0321) Importer(815301076,1909f56bfc062723c751e8b465ee728b)
Start importing Assets/Models/roadRampLongCurved.fbx using Guid(1a00f85cff5da8447a31e14cb6ce0321) Importer(815301076,1909f56bfc062723c751e8b465ee728b)  -> (artifact id: '72c598b8108a2835bf7129650bcaff2b') in 0.064041 seconds 
========================================================================
Received Import Request.
  Time since last request: 0.000284 seconds.
  path: Assets/Models/ramp.fbx
  artifactKey: Guid(dcc4038effff84442b5ff8a50b38494e) Importer(815301076,1909f56bfc062723c751e8b465ee728b)
Start importing Assets/Models/ramp.fbx using Guid(dcc4038effff84442b5ff8a50b38494e) Importer(815301076,1909f56bfc062723c751e8b465ee728b)  -> (artifact id: '4215228ec85bf64363cc0a32bbbd7e06') in 0.053448 seconds 
========================================================================
Received Import Request.
  Time since last request: 0.000256 seconds.
  path: Assets/Models/roadStraightBridge.fbx
  artifactKey: Guid(e56aa2e209abd2d459a880b95bd3e1da) Importer(815301076,1909f56bfc062723c751e8b465ee728b)
Start importing Assets/Models/roadStraightBridge.fbx using Guid(e56aa2e209abd2d459a880b95bd3e1da) Importer(815301076,1909f56bfc062723c751e8b465ee728b)  -> (artifact id: '4ba54b529f2fd2bbeb5211921e0dc0e9') in 0.045454 seconds 
========================================================================
Received Import Request.
  Time since last request: 0.000251 seconds.
  path: Assets/Models/roadCornerSmallSquare.fbx
  artifactKey: Guid(08b6a712ed57dbb43a4902e3a9f42160) Importer(815301076,1909f56bfc062723c751e8b465ee728b)
Start importing Assets/Models/roadCornerSmallSquare.fbx using Guid(08b6a712ed57dbb43a4902e3a9f42160) Importer(815301076,1909f56bfc062723c751e8b465ee728b)  -> (artifact id: 'a83a2db9f2f4dfeaeae1e7b47d2a5dda') in 0.042601 seconds 
========================================================================
Received Import Request.
  Time since last request: 0.000309 seconds.
  path: Assets/Models/roadCornerLargeSand.fbx
  artifactKey: Guid(dce90d8110c252145baae4d95bda4150) Importer(815301076,1909f56bfc062723c751e8b465ee728b)
Start importing Assets/Models/roadCornerLargeSand.fbx using Guid(dce90d8110c252145baae4d95bda4150) Importer(815301076,1909f56bfc062723c751e8b465ee728b)  -> (artifact id: 'a5021acd66647e366858f33a597588c9') in 0.038314 seconds 
========================================================================
Received Import Request.
  Time since last request: 0.000257 seconds.
  path: Assets/Models/roadRampLongWall.fbx
  artifactKey: Guid(d2477aaf7c3f191489739a879cd58b3a) Importer(815301076,1909f56bfc062723c751e8b465ee728b)
Start importing Assets/Models/roadRampLongWall.fbx using Guid(d2477aaf7c3f191489739a879cd58b3a) Importer(815301076,1909f56bfc062723c751e8b465ee728b)  -> (artifact id: 'c72255507c9111f4fe977564b2189b60') in 0.046599 seconds 
========================================================================
Received Import Request.
  Time since last request: 0.000223 seconds.
  path: Assets/Models/roadCurvedSplit.fbx
  artifactKey: Guid(9268a91f830dae34aa5757a2564b3b1a) Importer(815301076,1909f56bfc062723c751e8b465ee728b)
Start importing Assets/Models/roadCurvedSplit.fbx using Guid(9268a91f830dae34aa5757a2564b3b1a) Importer(815301076,1909f56bfc062723c751e8b465ee728b)  -> (artifact id: '0e494cee512fc0c4db94445c32841c79') in 0.040115 seconds 
========================================================================
Received Import Request.
  Time since last request: 0.000223 seconds.
  path: Assets/Models/roadStartPositions.fbx
  artifactKey: Guid(6bbd188cfbcf797428fa057db7e9a0a6) Importer(815301076,1909f56bfc062723c751e8b465ee728b)
Start importing Assets/Models/roadStartPositions.fbx using Guid(6bbd188cfbcf797428fa057db7e9a0a6) Importer(815301076,1909f56bfc062723c751e8b465ee728b)  -> (artifact id: '9ddac693f7fc06b15d4fb9ba142c7081') in 0.042089 seconds 
========================================================================
Received Import Request.
  Time since last request: 0.000222 seconds.
  path: Assets/Models/barrierWall.fbx
  artifactKey: Guid(ca29743e8dbb9f94a918be5bab6f4f32) Importer(815301076,1909f56bfc062723c751e8b465ee728b)
Start importing Assets/Models/barrierWall.fbx using Guid(ca29743e8dbb9f94a918be5bab6f4f32) Importer(815301076,1909f56bfc062723c751e8b465ee728b)  -> (artifact id: '39024e33d566e8a97a9c29755fe3b389') in 0.032638 seconds 
========================================================================
Received Import Request.
  Time since last request: 0.000189 seconds.
  path: Assets/Models/roadCornerLargeWallInner.fbx
  artifactKey: Guid(ebf7e5d36ec5f6646b21889531a4e504) Importer(815301076,1909f56bfc062723c751e8b465ee728b)
Start importing Assets/Models/roadCornerLargeWallInner.fbx using Guid(ebf7e5d36ec5f6646b21889531a4e504) Importer(815301076,1909f56bfc062723c751e8b465ee728b)  -> (artifact id: '07477bfc5c0746d7cc5c88ade4c71c4f') in 0.041996 seconds 
========================================================================
Received Import Request.
  Time since last request: 0.000251 seconds.
  path: Assets/Models/roadCrossing.fbx
  artifactKey: Guid(a8e1789313935d1458c07d338815c88f) Importer(815301076,1909f56bfc062723c751e8b465ee728b)
Start importing Assets/Models/roadCrossing.fbx using Guid(a8e1789313935d1458c07d338815c88f) Importer(815301076,1909f56bfc062723c751e8b465ee728b)  -> (artifact id: '8f907b426d1c79dca1c0d3e5d2b30f0b') in 0.037889 seconds 
========================================================================
Received Import Request.
  Time since last request: 0.000203 seconds.
  path: Assets/Models/tentClosed.fbx
  artifactKey: Guid(d0ebf2349f0e5244ca2a4b53fb8ba5b7) Importer(815301076,1909f56bfc062723c751e8b465ee728b)
Start importing Assets/Models/tentClosed.fbx using Guid(d0ebf2349f0e5244ca2a4b53fb8ba5b7) Importer(815301076,1909f56bfc062723c751e8b465ee728b)  -> (artifact id: '178c75ac6d37e5576af01b76ce472563') in 0.036077 seconds 
========================================================================
Received Import Request.
  Time since last request: 0.000220 seconds.
  path: Assets/Models/roadCornerBridgeSmall.fbx
  artifactKey: Guid(f37a8caaae099284dbfa5251e6ff0208) Importer(815301076,1909f56bfc062723c751e8b465ee728b)
Start importing Assets/Models/roadCornerBridgeSmall.fbx using Guid(f37a8caaae099284dbfa5251e6ff0208) Importer(815301076,1909f56bfc062723c751e8b465ee728b)  -> (artifact id: 'da2ad2c72d9525d7bfdcbe120fb2d2ac') in 0.036364 seconds 
========================================================================
Received Import Request.
  Time since last request: 0.000312 seconds.
  path: Assets/Models/roadCornerLargerSandInner.fbx
  artifactKey: Guid(02f596ce9d26f494ca132f5a4597a77f) Importer(815301076,1909f56bfc062723c751e8b465ee728b)
Start importing Assets/Models/roadCornerLargerSandInner.fbx using Guid(02f596ce9d26f494ca132f5a4597a77f) Importer(815301076,1909f56bfc062723c751e8b465ee728b)  -> (artifact id: 'a97bf54e632705ff5ace206fcbc0f017') in 0.028442 seconds 
========================================================================
Received Import Request.
  Time since last request: 0.000237 seconds.
  path: Assets/Models/tentLong.fbx
  artifactKey: Guid(bef7d0cd6bb44a549a8f9a6978d96ab7) Importer(815301076,1909f56bfc062723c751e8b465ee728b)
Start importing Assets/Models/tentLong.fbx using Guid(bef7d0cd6bb44a549a8f9a6978d96ab7) Importer(815301076,1909f56bfc062723c751e8b465ee728b)  -> (artifact id: '7eaec12b88802a51c274556523ae8b2b') in 0.031273 seconds 
========================================================================
Received Import Request.
  Time since last request: 0.000218 seconds.
  path: Assets/Models/tentRoofDouble.fbx
  artifactKey: Guid(88a6014986f102b4780447199766656f) Importer(815301076,1909f56bfc062723c751e8b465ee728b)
Start importing Assets/Models/tentRoofDouble.fbx using Guid(88a6014986f102b4780447199766656f) Importer(815301076,1909f56bfc062723c751e8b465ee728b)  -> (artifact id: '392b3ec2eb507f12363a24a93af8599c') in 0.037593 seconds 
========================================================================
Received Import Request.
  Time since last request: 0.000300 seconds.
  path: Assets/Models/roadCornerSmallWall.fbx
  artifactKey: Guid(7cb9ae656b7e57045b0d6e89e0d75494) Importer(815301076,1909f56bfc062723c751e8b465ee728b)
Start importing Assets/Models/roadCornerSmallWall.fbx using Guid(7cb9ae656b7e57045b0d6e89e0d75494) Importer(815301076,1909f56bfc062723c751e8b465ee728b)  -> (artifact id: '15483c357576a59bfeb2304292d40d3f') in 0.036245 seconds 
========================================================================
Received Import Request.
  Time since last request: 0.000263 seconds.
  path: Assets/Models/bannerTowerRed.fbx
  artifactKey: Guid(4757e442c370eae438fbbae53b8444c9) Importer(815301076,1909f56bfc062723c751e8b465ee728b)
Start importing Assets/Models/bannerTowerRed.fbx using Guid(4757e442c370eae438fbbae53b8444c9) Importer(815301076,1909f56bfc062723c751e8b465ee728b)  -> (artifact id: '98b87f8afeb4c5d0f034a2ff4020b07c') in 0.043718 seconds 
========================================================================
Received Import Request.
  Time since last request: 0.000223 seconds.
  path: Assets/Models/roadBump.fbx
  artifactKey: Guid(3cc261f13a4a69f42b3065ab253bb3d5) Importer(815301076,1909f56bfc062723c751e8b465ee728b)
Start importing Assets/Models/roadBump.fbx using Guid(3cc261f13a4a69f42b3065ab253bb3d5) Importer(815301076,1909f56bfc062723c751e8b465ee728b)  -> (artifact id: '575ea199c2379574ced456732628fb94') in 0.042782 seconds 
========================================================================
Received Import Request.
  Time since last request: 0.000220 seconds.
  path: Assets/Models/roadCornerLargeWall.fbx
  artifactKey: Guid(7009c716ff916c845be58c31c4e3adef) Importer(815301076,1909f56bfc062723c751e8b465ee728b)
Start importing Assets/Models/roadCornerLargeWall.fbx using Guid(7009c716ff916c845be58c31c4e3adef) Importer(815301076,1909f56bfc062723c751e8b465ee728b)  -> (artifact id: '2d75e78e64e7a5765dd71e67ca7cbf72') in 0.033311 seconds 
========================================================================
Received Import Request.
  Time since last request: 0.000277 seconds.
  path: Assets/Models/roadCornerBridgeLarge.fbx
  artifactKey: Guid(d90cbe202d28ffa4293b36587aeeb02b) Importer(815301076,1909f56bfc062723c751e8b465ee728b)
Start importing Assets/Models/roadCornerBridgeLarge.fbx using Guid(d90cbe202d28ffa4293b36587aeeb02b) Importer(815301076,1909f56bfc062723c751e8b465ee728b)  -> (artifact id: '476803ab23594be3c4898cd26ad7ad0b') in 0.042266 seconds 
========================================================================
Received Import Request.
  Time since last request: 0.000246 seconds.
  path: Assets/Models/roadCornerLargerWallInner.fbx
  artifactKey: Guid(ce7ce6ec94d51b04385c26e01ceb8929) Importer(815301076,1909f56bfc062723c751e8b465ee728b)
Start importing Assets/Models/roadCornerLargerWallInner.fbx using Guid(ce7ce6ec94d51b04385c26e01ceb8929) Importer(815301076,1909f56bfc062723c751e8b465ee728b)  -> (artifact id: 'e32912484f82ea829d9049cc55fb860a') in 0.035340 seconds 
========================================================================
Received Import Request.
  Time since last request: 0.000212 seconds.
  path: Assets/Models/lightPostLarge.fbx
  artifactKey: Guid(05a6571078fba984091d12a3d9905282) Importer(815301076,1909f56bfc062723c751e8b465ee728b)
Start importing Assets/Models/lightPostLarge.fbx using Guid(05a6571078fba984091d12a3d9905282) Importer(815301076,1909f56bfc062723c751e8b465ee728b)  -> (artifact id: 'eed785c959f4a37bf113a62622130e0e') in 0.040014 seconds 
========================================================================
Received Import Request.
  Time since last request: 0.000279 seconds.
  path: Assets/Models/roadCurved.fbx
  artifactKey: Guid(9844b2269674a6841806f41d5cd49119) Importer(815301076,1909f56bfc062723c751e8b465ee728b)
Start importing Assets/Models/roadCurved.fbx using Guid(9844b2269674a6841806f41d5cd49119) Importer(815301076,1909f56bfc062723c751e8b465ee728b)  -> (artifact id: '139b5b56780ce9367cf99babfd569e6c') in 0.039504 seconds 
========================================================================
Received Import Request.
  Time since last request: 0.000205 seconds.
  path: Assets/Models/roadSplitSmall.fbx
  artifactKey: Guid(feb35898a69d12b48a1f7a8edcf8a8b7) Importer(815301076,1909f56bfc062723c751e8b465ee728b)
Start importing Assets/Models/roadSplitSmall.fbx using Guid(feb35898a69d12b48a1f7a8edcf8a8b7) Importer(815301076,1909f56bfc062723c751e8b465ee728b)  -> (artifact id: '14fa265d28dddbdcc186e44319090a9c') in 0.041040 seconds 
========================================================================
Received Import Request.
  Time since last request: 0.000223 seconds.
  path: Assets/Models/billboardDouble_exclusive.fbx
  artifactKey: Guid(09323be354399c0408e563f05a850830) Importer(815301076,1909f56bfc062723c751e8b465ee728b)
Start importing Assets/Models/billboardDouble_exclusive.fbx using Guid(09323be354399c0408e563f05a850830) Importer(815301076,1909f56bfc062723c751e8b465ee728b)  -> (artifact id: 'ad7d4564befe149f31ae01e261c398f0') in 0.055193 seconds 
========================================================================
Received Import Request.
  Time since last request: 0.000280 seconds.
  path: Assets/Models/pitsGarage.fbx
  artifactKey: Guid(9937438da43cb5140960f54cddf4e84d) Importer(815301076,1909f56bfc062723c751e8b465ee728b)
Start importing Assets/Models/pitsGarage.fbx using Guid(9937438da43cb5140960f54cddf4e84d) Importer(815301076,1909f56bfc062723c751e8b465ee728b)  -> (artifact id: '9bc098ec2e9f44dda0924f79bcdaf70e') in 0.052533 seconds 
========================================================================
Received Import Request.
  Time since last request: 0.000264 seconds.
  path: Assets/Models/pitsGarageClosed.fbx
  artifactKey: Guid(4a4b5bdafcba3b440a31a6f7175cff0b) Importer(815301076,1909f56bfc062723c751e8b465ee728b)
Start importing Assets/Models/pitsGarageClosed.fbx using Guid(4a4b5bdafcba3b440a31a6f7175cff0b) Importer(815301076,1909f56bfc062723c751e8b465ee728b)  -> (artifact id: 'e715e53188fb5d867f66048860107f14') in 0.053520 seconds 
========================================================================
Received Import Request.
  Time since last request: 0.000289 seconds.
  path: Assets/Models/flagCheckersSmall.fbx
  artifactKey: Guid(b6fb6240d1560d742bf04f9b1e6065e9) Importer(815301076,1909f56bfc062723c751e8b465ee728b)
Start importing Assets/Models/flagCheckersSmall.fbx using Guid(b6fb6240d1560d742bf04f9b1e6065e9) Importer(815301076,1909f56bfc062723c751e8b465ee728b)  -> (artifact id: 'd695b825c1a3233e75f7e7b73d733750') in 0.052681 seconds 
========================================================================
Received Import Request.
  Time since last request: 0.000245 seconds.
  path: Assets/Models/roadStraightArrow.fbx
  artifactKey: Guid(ddfab18074b44454b8dcd1e6d6735761) Importer(815301076,1909f56bfc062723c751e8b465ee728b)
Start importing Assets/Models/roadStraightArrow.fbx using Guid(ddfab18074b44454b8dcd1e6d6735761) Importer(815301076,1909f56bfc062723c751e8b465ee728b)  -> (artifact id: '7481acca43929a9697736fbe4ce89377') in 0.045772 seconds 
========================================================================
Received Import Request.
  Time since last request: 0.000200 seconds.
  path: Assets/Models/roadStraightBridgeMid.fbx
  artifactKey: Guid(ebf56c182c24743478c640a56fe48bdd) Importer(815301076,1909f56bfc062723c751e8b465ee728b)
Start importing Assets/Models/roadStraightBridgeMid.fbx using Guid(ebf56c182c24743478c640a56fe48bdd) Importer(815301076,1909f56bfc062723c751e8b465ee728b)  -> (artifact id: 'da90b278453bbc8621d67267a70a72e0') in 0.042913 seconds 
========================================================================
Received Import Request.
  Time since last request: 0.000243 seconds.
  path: Assets/Models/fenceStraight.fbx
  artifactKey: Guid(3a9c3fe5d19e653489da860cca6570a5) Importer(815301076,1909f56bfc062723c751e8b465ee728b)
Start importing Assets/Models/fenceStraight.fbx using Guid(3a9c3fe5d19e653489da860cca6570a5) Importer(815301076,1909f56bfc062723c751e8b465ee728b)  -> (artifact id: 'c304a7e161b6c7737ad6cf1d3a012c00') in 0.030749 seconds 
========================================================================
Received Import Request.
  Time since last request: 0.000290 seconds.
  path: Assets/Models/pitsGarageCorner.fbx
  artifactKey: Guid(de3794e4c5d898c4c8a08a1e35629c9a) Importer(815301076,1909f56bfc062723c751e8b465ee728b)
Start importing Assets/Models/pitsGarageCorner.fbx using Guid(de3794e4c5d898c4c8a08a1e35629c9a) Importer(815301076,1909f56bfc062723c751e8b465ee728b)  -> (artifact id: 'a819e4b9b8428c5a84b97c20d1551274') in 0.050628 seconds 
========================================================================
Received Import Request.
  Time since last request: 0.000179 seconds.
  path: Assets/Models/roadCornerBridgeLarger.fbx
  artifactKey: Guid(a5290ca8929e2954ea273e4c63404173) Importer(815301076,1909f56bfc062723c751e8b465ee728b)
Start importing Assets/Models/roadCornerBridgeLarger.fbx using Guid(a5290ca8929e2954ea273e4c63404173) Importer(815301076,1909f56bfc062723c751e8b465ee728b)  -> (artifact id: '4f965d824440435d7541e9e08db9b72e') in 0.036186 seconds 
========================================================================
Received Import Request.
  Time since last request: 0.000215 seconds.
  path: Assets/Models/roadPitStraight.fbx
  artifactKey: Guid(00bb534b2cd2d7e468b09bd46c9e99af) Importer(815301076,1909f56bfc062723c751e8b465ee728b)
Start importing Assets/Models/roadPitStraight.fbx using Guid(00bb534b2cd2d7e468b09bd46c9e99af) Importer(815301076,1909f56bfc062723c751e8b465ee728b)  -> (artifact id: 'b1849b1554b41c227ebe41f2d006115a') in 0.041792 seconds 
========================================================================
Received Import Request.
  Time since last request: 0.000196 seconds.
  path: Assets/Models/barrierRed.fbx
  artifactKey: Guid(c802cfa18a0a91841a5f9f8c890cb024) Importer(815301076,1909f56bfc062723c751e8b465ee728b)
Start importing Assets/Models/barrierRed.fbx using Guid(c802cfa18a0a91841a5f9f8c890cb024) Importer(815301076,1909f56bfc062723c751e8b465ee728b)  -> (artifact id: '42ef8f0eb21f81b4bb51b81dba838625') in 0.029679 seconds 
========================================================================
Received Import Request.
  Time since last request: 14.776293 seconds.
  path: Assets/WorldSkies/Sky_mat.mat
  artifactKey: Guid(40fa5696077438a49bbce1aac01eba84) Importer(815301076,1909f56bfc062723c751e8b465ee728b)
Start importing Assets/WorldSkies/Sky_mat.mat using Guid(40fa5696077438a49bbce1aac01eba84) Importer(815301076,1909f56bfc062723c751e8b465ee728b)  -> (artifact id: '858076359cb20ca9611c4f3ede01bcf6') in 0.278494 seconds 
========================================================================
Received Import Request.
  Time since last request: 4.540534 seconds.
  path: Assets/Prefabs/BarrierRed.prefab
  artifactKey: Guid(6a54363c757aa9147b51262ac6861661) Importer(815301076,1909f56bfc062723c751e8b465ee728b)
Start importing Assets/Prefabs/BarrierRed.prefab using Guid(6a54363c757aa9147b51262ac6861661) Importer(815301076,1909f56bfc062723c751e8b465ee728b)  -> (artifact id: 'b8ce7ae666608acee39abf3880be7b19') in 0.025836 seconds 
========================================================================
Received Import Request.
  Time since last request: 0.000242 seconds.
  path: Assets/Prefabs/Roads/RoadCurvedSplit.prefab
  artifactKey: Guid(d8441e77bea59364aaf3fd1892510264) Importer(815301076,1909f56bfc062723c751e8b465ee728b)
Start importing Assets/Prefabs/Roads/RoadCurvedSplit.prefab using Guid(d8441e77bea59364aaf3fd1892510264) Importer(815301076,1909f56bfc062723c751e8b465ee728b)  -> (artifact id: 'd8aaeb43818f4aa1fdb3784559660d2b') in 0.025810 seconds 
========================================================================
Received Import Request.
  Time since last request: 0.000348 seconds.
  path: Assets/Prefabs/Roads/RoadStraightLongBumpRound.prefab
  artifactKey: Guid(34b45afa606da8948925ea8fb00bf18c) Importer(815301076,1909f56bfc062723c751e8b465ee728b)
Start importing Assets/Prefabs/Roads/RoadStraightLongBumpRound.prefab using Guid(34b45afa606da8948925ea8fb00bf18c) Importer(815301076,1909f56bfc062723c751e8b465ee728b)  -> (artifact id: '03db18b9a1b0d1a7d2b6ed1e423657c3') in 0.041951 seconds 
========================================================================
Received Import Request.
  Time since last request: 0.000198 seconds.
  path: Assets/Prefabs/Checkpoint.prefab
  artifactKey: Guid(0265d3fbe85fdef42b0d935033d6eec3) Importer(815301076,1909f56bfc062723c751e8b465ee728b)
Start importing Assets/Prefabs/Checkpoint.prefab using Guid(0265d3fbe85fdef42b0d935033d6eec3) Importer(815301076,1909f56bfc062723c751e8b465ee728b)  -> (artifact id: '99298e883a396606c94961d0a824889f') in 0.309664 seconds 
========================================================================
Received Import Request.
  Time since last request: 0.000228 seconds.
  path: Assets/Prefabs/Roads/RoadBump.prefab
  artifactKey: Guid(0f7c7730c43912849980537743b36a01) Importer(815301076,1909f56bfc062723c751e8b465ee728b)
Start importing Assets/Prefabs/Roads/RoadBump.prefab using Guid(0f7c7730c43912849980537743b36a01) Importer(815301076,1909f56bfc062723c751e8b465ee728b)  -> (artifact id: '0333ded508180595222f5218a259512c') in 0.021307 seconds 
========================================================================
Received Import Request.
  Time since last request: 0.000299 seconds.
  path: Assets/Prefabs/Roads/RoadCornerLarge.prefab
  artifactKey: Guid(094445d193307214ab4a58cc994d42ef) Importer(815301076,1909f56bfc062723c751e8b465ee728b)
Start importing Assets/Prefabs/Roads/RoadCornerLarge.prefab using Guid(094445d193307214ab4a58cc994d42ef) Importer(815301076,1909f56bfc062723c751e8b465ee728b)  -> (artifact id: '46b5685514787f39f191e1f2565c195f') in 0.023369 seconds 
========================================================================
Received Import Request.
  Time since last request: 0.000227 seconds.
  path: Assets/Prefabs/Lap Handler.prefab
  artifactKey: Guid(96ae3076022bb3b43b953c5e82176377) Importer(815301076,1909f56bfc062723c751e8b465ee728b)
Start importing Assets/Prefabs/Lap Handler.prefab using Guid(96ae3076022bb3b43b953c5e82176377) Importer(815301076,1909f56bfc062723c751e8b465ee728b)  -> (artifact id: '44d112f04367361a362dc53b0212e607') in 0.018927 seconds 
========================================================================
Received Import Request.
  Time since last request: 0.000423 seconds.
  path: Assets/Prefabs/Roads/RoadStraightLong.prefab
  artifactKey: Guid(ad1d6175e71663b438b727685e8e6a3d) Importer(815301076,1909f56bfc062723c751e8b465ee728b)
Start importing Assets/Prefabs/Roads/RoadStraightLong.prefab using Guid(ad1d6175e71663b438b727685e8e6a3d) Importer(815301076,1909f56bfc062723c751e8b465ee728b)  -> (artifact id: '1a593e302297181c973ec8a3e1706d0a') in 0.021366 seconds 
========================================================================
Received Import Request.
  Time since last request: 0.000215 seconds.
  path: Assets/Prefabs/Roads/RoadStraightLongMid.prefab
  artifactKey: Guid(c78f4bd9f03d228458b71942ddebf185) Importer(815301076,1909f56bfc062723c751e8b465ee728b)
Start importing Assets/Prefabs/Roads/RoadStraightLongMid.prefab using Guid(c78f4bd9f03d228458b71942ddebf185) Importer(815301076,1909f56bfc062723c751e8b465ee728b)  -> (artifact id: '320326bb45e858a79112eff38ee6da04') in 0.025076 seconds 
========================================================================
Received Import Request.
  Time since last request: 0.000265 seconds.
  path: Assets/Prefabs/Roads/Grass.prefab
  artifactKey: Guid(b0a01c69b4d47c645a9622497c86fe90) Importer(815301076,1909f56bfc062723c751e8b465ee728b)
Start importing Assets/Prefabs/Roads/Grass.prefab using Guid(b0a01c69b4d47c645a9622497c86fe90) Importer(815301076,1909f56bfc062723c751e8b465ee728b)  -> (artifact id: 'b42e180357e00c811b2fc954d874953c') in 0.019116 seconds 
========================================================================
Received Import Request.
  Time since last request: 0.000265 seconds.
  path: Assets/Prefabs/Map.prefab
  artifactKey: Guid(03814bb1bc117f6408ffc7551229ed9f) Importer(815301076,1909f56bfc062723c751e8b465ee728b)
Start importing Assets/Prefabs/Map.prefab using Guid(03814bb1bc117f6408ffc7551229ed9f) Importer(815301076,1909f56bfc062723c751e8b465ee728b)  -> (artifact id: '965f123f93cb0b34283d37d1ec2a08f9') in 0.037734 seconds 
========================================================================
Received Import Request.
  Time since last request: 0.000276 seconds.
  path: Assets/Prefabs/Roads/RoadStart.prefab
  artifactKey: Guid(128846377727fc9418321c3f8a5a9b87) Importer(815301076,1909f56bfc062723c751e8b465ee728b)
Start importing Assets/Prefabs/Roads/RoadStart.prefab using Guid(128846377727fc9418321c3f8a5a9b87) Importer(815301076,1909f56bfc062723c751e8b465ee728b)  -> (artifact id: 'c57f8fb13eac1c37f62f5ce1f1242b38') in 0.022846 seconds 
========================================================================
Received Import Request.
  Time since last request: 0.000299 seconds.
  path: Assets/Prefabs/Car.prefab
  artifactKey: Guid(bc40670e7046bec4bb47c2e9cfafb735) Importer(815301076,1909f56bfc062723c751e8b465ee728b)
Start importing Assets/Prefabs/Car.prefab using Guid(bc40670e7046bec4bb47c2e9cfafb735) Importer(815301076,1909f56bfc062723c751e8b465ee728b)  -> (artifact id: '06ae682e8357bf18bf61d6b89872b8c9') in 0.127016 seconds 
========================================================================
Received Import Request.
  Time since last request: 0.000211 seconds.
  path: Assets/Prefabs/Bot car Variant.prefab
  artifactKey: Guid(bdbb02f9b74ea8b4d8ff165d6ef5c758) Importer(815301076,1909f56bfc062723c751e8b465ee728b)
Start importing Assets/Prefabs/Bot car Variant.prefab using Guid(bdbb02f9b74ea8b4d8ff165d6ef5c758) Importer(815301076,1909f56bfc062723c751e8b465ee728b)  -> (artifact id: 'e2c9eeaa992818833db422c7cdafb2b3') in 0.029557 seconds 
========================================================================
Received Import Request.
  Time since last request: 0.000188 seconds.
  path: Assets/Prefabs/Roads/Ramp.prefab
  artifactKey: Guid(f529f968717a8c5489cafa725ec9c0d3) Importer(815301076,1909f56bfc062723c751e8b465ee728b)
Start importing Assets/Prefabs/Roads/Ramp.prefab using Guid(f529f968717a8c5489cafa725ec9c0d3) Importer(815301076,1909f56bfc062723c751e8b465ee728b)  -> (artifact id: '3d5b77c32b5c8746ef0d44dd0f403fc1') in 0.018263 seconds 
========================================================================
Received Import Request.
  Time since last request: 0.000286 seconds.
  path: Assets/Prefabs/Roads/RoadStartPositions.prefab
  artifactKey: Guid(8503f20763c442e44a5fbbe38668ddda) Importer(815301076,1909f56bfc062723c751e8b465ee728b)
Start importing Assets/Prefabs/Roads/RoadStartPositions.prefab using Guid(8503f20763c442e44a5fbbe38668ddda) Importer(815301076,1909f56bfc062723c751e8b465ee728b)  -> (artifact id: '5f20d32ab85c9480842d6dfe921167ce') in 0.019142 seconds 
========================================================================
Received Import Request.
  Time since last request: 0.000215 seconds.
  path: Assets/Prefabs/Player Car Variant.prefab
  artifactKey: Guid(5c4a4e4ffc541e243b668178c106d663) Importer(815301076,1909f56bfc062723c751e8b465ee728b)
Start importing Assets/Prefabs/Player Car Variant.prefab using Guid(5c4a4e4ffc541e243b668178c106d663) Importer(815301076,1909f56bfc062723c751e8b465ee728b)  -> (artifact id: '3c36dabb2239d946929a14b412a4c87d') in 0.027549 seconds 
========================================================================
Received Import Request.
  Time since last request: 0.000225 seconds.
  path: Assets/Prefabs/Game Canvas.prefab
  artifactKey: Guid(ebd37eb69c07a56408d883a58e5a998f) Importer(815301076,1909f56bfc062723c751e8b465ee728b)
Start importing Assets/Prefabs/Game Canvas.prefab using Guid(ebd37eb69c07a56408d883a58e5a998f) Importer(815301076,1909f56bfc062723c751e8b465ee728b)  -> (artifact id: '16e8c4ae956dd620b3149468d974bbdb') in 0.052536 seconds 
========================================================================
Received Import Request.
  Time since last request: 0.000213 seconds.
  path: Assets/Prefabs/Dust Particles.prefab
  artifactKey: Guid(0d799b4ed980f1246a744ec0755dabea) Importer(815301076,1909f56bfc062723c751e8b465ee728b)
Start importing Assets/Prefabs/Dust Particles.prefab using Guid(0d799b4ed980f1246a744ec0755dabea) Importer(815301076,1909f56bfc062723c751e8b465ee728b)  -> (artifact id: 'ce86622ec55873251eb9bedc552cc04f') in 0.019154 seconds 
========================================================================
Received Import Request.
  Time since last request: 30.891167 seconds.
  path: Assets/Prefabs/treeLarge.fbx
  artifactKey: Guid(ae03317bf070e304aa5f49644bdf9f2f) Importer(815301076,1909f56bfc062723c751e8b465ee728b)
Start importing Assets/Prefabs/treeLarge.fbx using Guid(ae03317bf070e304aa5f49644bdf9f2f) Importer(815301076,1909f56bfc062723c751e8b465ee728b)  -> (artifact id: '81c26fe09730cf7eb3fa2807e89061fc') in 0.037829 seconds 
========================================================================
Received Import Request.
  Time since last request: 3.936187 seconds.
  path: Assets/Prefabs/Roads
  artifactKey: Guid(3d992fb2ba73f6e44bcfbd463e0a47f6) Importer(815301076,1909f56bfc062723c751e8b465ee728b)
Start importing Assets/Prefabs/Roads using Guid(3d992fb2ba73f6e44bcfbd463e0a47f6) Importer(815301076,1909f56bfc062723c751e8b465ee728b)  -> (artifact id: '58390c1663126b8f7701b074ccd4e8d2') in 0.012568 seconds 
========================================================================
Received Import Request.
  Time since last request: 11.988018 seconds.
  path: Assets/Materials/Car Main Blue.mat
  artifactKey: Guid(e5d6907d91898c440981ee6f41610c13) Importer(815301076,1909f56bfc062723c751e8b465ee728b)
Start importing Assets/Materials/Car Main Blue.mat using Guid(e5d6907d91898c440981ee6f41610c13) Importer(815301076,1909f56bfc062723c751e8b465ee728b)  -> (artifact id: '22d71bb6b385a120b107318556865983') in 0.026403 seconds 
========================================================================
Received Import Request.
  Time since last request: 0.000246 seconds.
  path: Packages/com.unity.connect.share/UI/MaterialIcons-Regular.ttf
  artifactKey: Guid(f7f3465ef34b34633aea2c0de2e88bdb) Importer(815301076,1909f56bfc062723c751e8b465ee728b)
Start importing Packages/com.unity.connect.share/UI/MaterialIcons-Regular.ttf using Guid(f7f3465ef34b34633aea2c0de2e88bdb) Importer(815301076,1909f56bfc062723c751e8b465ee728b)  -> (artifact id: '3ae7e97a6974b74083f2f2063982b3db') in 0.065060 seconds 
========================================================================
Received Import Request.
  Time since last request: 0.000199 seconds.
  path: Assets/Materials/Car Secondary.mat
  artifactKey: Guid(fd150b3903fe0154ea70bcb38b176386) Importer(815301076,1909f56bfc062723c751e8b465ee728b)
Start importing Assets/Materials/Car Secondary.mat using Guid(fd150b3903fe0154ea70bcb38b176386) Importer(815301076,1909f56bfc062723c751e8b465ee728b)  -> (artifact id: 'd2b5b3d8ae6b5982089aca32955a5d01') in 0.024185 seconds 
========================================================================
Received Import Request.
  Time since last request: 0.000319 seconds.
  path: Assets/Materials/Checkpoint.mat
  artifactKey: Guid(00721ed3a344b584787d74d06e87b3d7) Importer(815301076,1909f56bfc062723c751e8b465ee728b)
Start importing Assets/Materials/Checkpoint.mat using Guid(00721ed3a344b584787d74d06e87b3d7) Importer(815301076,1909f56bfc062723c751e8b465ee728b)  -> (artifact id: '74f6681edad6f6fe6d235e946a517253') in 0.028932 seconds 
========================================================================
Received Import Request.
  Time since last request: 0.000275 seconds.
  path: Assets/Materials/Car Main Green.mat
  artifactKey: Guid(6ccafd4da1e6cd2458f487adcfa87153) Importer(815301076,1909f56bfc062723c751e8b465ee728b)
Start importing Assets/Materials/Car Main Green.mat using Guid(6ccafd4da1e6cd2458f487adcfa87153) Importer(815301076,1909f56bfc062723c751e8b465ee728b)  -> (artifact id: '254415d4633de9fdbd1e236a246b323c') in 0.029061 seconds 
========================================================================
Received Import Request.
  Time since last request: 0.000457 seconds.
  path: Assets/Materials/Glass.mat
  artifactKey: Guid(eccd9f5c01ddda843988c8093487665e) Importer(815301076,1909f56bfc062723c751e8b465ee728b)
Start importing Assets/Materials/Glass.mat using Guid(eccd9f5c01ddda843988c8093487665e) Importer(815301076,1909f56bfc062723c751e8b465ee728b)  -> (artifact id: '43579bf5ed9c4ce3c8f6d20eb7be2b43') in 0.030351 seconds 
========================================================================
Received Import Request.
  Time since last request: 0.000318 seconds.
  path: Assets/Materials/Car Main Red.mat
  artifactKey: Guid(5d27bf78a4e7a1c49acd30b93a82c16e) Importer(815301076,1909f56bfc062723c751e8b465ee728b)
Start importing Assets/Materials/Car Main Red.mat using Guid(5d27bf78a4e7a1c49acd30b93a82c16e) Importer(815301076,1909f56bfc062723c751e8b465ee728b)  -> (artifact id: 'dff5c1746ea25e8b6bd689601e946c50') in 0.029286 seconds 
========================================================================
Received Import Request.
  Time since last request: 0.000253 seconds.
  path: Assets/Materials/Car Main Yellow.mat
  artifactKey: Guid(1c948d6b09f5f5c4d84f206299c6e2d5) Importer(815301076,1909f56bfc062723c751e8b465ee728b)
Start importing Assets/Materials/Car Main Yellow.mat using Guid(1c948d6b09f5f5c4d84f206299c6e2d5) Importer(815301076,1909f56bfc062723c751e8b465ee728b)  -> (artifact id: '8b3092c95201d6b0021838d10370d94d') in 0.029025 seconds 
========================================================================
Received Import Request.
  Time since last request: 69.748527 seconds.
  path: Assets/Scenes/SampleScene
  artifactKey: Guid(ecff2b1e48ca4fc4a8bf9e2521b1d215) Importer(815301076,1909f56bfc062723c751e8b465ee728b)
Start importing Assets/Scenes/SampleScene using Guid(ecff2b1e48ca4fc4a8bf9e2521b1d215) Importer(815301076,1909f56bfc062723c751e8b465ee728b)  -> (artifact id: 'f7943280bbbf46522a08692f658bd3fc') in 0.011893 seconds 
========================================================================
Received Import Request.
  Time since last request: 4.843455 seconds.
  path: Assets/Scenes/SampleScene.unity
  artifactKey: Guid(9fc0d4010bbf28b4594072e72b8655ab) Importer(815301076,1909f56bfc062723c751e8b465ee728b)
Start importing Assets/Scenes/SampleScene.unity using Guid(9fc0d4010bbf28b4594072e72b8655ab) Importer(815301076,1909f56bfc062723c751e8b465ee728b)  -> (artifact id: '0fc13cb8d4b3c58ea103650f3c6ffbaf') in 0.012348 seconds 
========================================================================
Received Import Request.
  Time since last request: 202.590717 seconds.
  path: Assets/Scripts/Car/CarBot.cs
  artifactKey: Guid(88a58f96494312e4484705d7d8095cc4) Importer(815301076,1909f56bfc062723c751e8b465ee728b)
Start importing Assets/Scripts/Car/CarBot.cs using Guid(88a58f96494312e4484705d7d8095cc4) Importer(815301076,1909f56bfc062723c751e8b465ee728b)  -> (artifact id: '3dd2534b4d23266f33a6ef05cf0b3084') in 0.033327 seconds 
========================================================================
Received Prepare
Registering precompiled user dll's ...
Registered in 0.006969 seconds.
Begin MonoManager ReloadAssembly
Native extension for WindowsStandalone target not found
Refreshing native plugins compatible for Editor in 0.54 ms, found 2 plugins.
Preloading 0 native plugins for Editor in 0.00 ms.
Mono: successfully reloaded assembly
- Completed reload, in  1.412 seconds
Domain Reload Profiling:
	ReloadAssembly (1413ms)
		BeginReloadAssembly (168ms)
			ExecutionOrderSort (0ms)
			DisableScriptedObjects (6ms)
			BackupInstance (0ms)
			ReleaseScriptingObjects (0ms)
			CreateAndSetChildDomain (41ms)
		EndReloadAssembly (1156ms)
			LoadAssemblies (142ms)
			RebuildTransferFunctionScriptingTraits (0ms)
			SetupTypeCache (405ms)
			ReleaseScriptCaches (1ms)
			RebuildScriptCaches (63ms)
			SetupLoadedEditorAssemblies (403ms)
				LogAssemblyErrors (0ms)
				InitializePlatformSupportModulesInManaged (6ms)
				SetLoadedEditorAssemblies (1ms)
				RefreshPlugins (1ms)
				BeforeProcessingInitializeOnLoad (71ms)
				ProcessInitializeOnLoadAttributes (300ms)
				ProcessInitializeOnLoadMethodAttributes (6ms)
				AfterProcessingInitializeOnLoad (18ms)
				EditorAssembliesLoaded (1ms)
			ExecutionOrderSort2 (0ms)
			AwakeInstancesAfterBackupRestoration (15ms)
Platform modules already initialized, skipping
Refreshing native plugins compatible for Editor in 0.53 ms, found 2 plugins.
Preloading 0 native plugins for Editor in 0.00 ms.
Unloading 1611 Unused Serialized files (Serialized files now loaded: 0)
System memory in use before: 80.4 MB.
System memory in use after: 80.5 MB.

Unloading 18 unused Assets to reduce memory usage. Loaded Objects now: 2136.
Total: 3.630200 ms (FindLiveObjects: 0.200600 ms CreateObjectMapping: 0.045100 ms MarkObjects: 3.326300 ms  DeleteObjects: 0.056900 ms)

AssetImportParameters requested are different than current active one (requested -> active):
  custom:framework-win-MediaFoundation: 216162199b28c13a410421893ffa2e32 -> 
  custom:video-decoder-ogg-theora: a1e56fd34408186e4bbccfd4996cb3dc -> 
  custom:container-muxer-webm: aa71ff27fc2769a1b78a27578f13a17b -> 
  custom:container-demuxer-webm: 4f35f7cbe854078d1ac9338744f61a02 -> 
  custom:container-demuxer-ogg: 62fdf1f143b41e24485cea50d1cbac27 -> 
  custom:video-encoder-webm-vp8: eb34c28f22e8b96e1ab97ce403110664 -> 
  custom:video-decoder-webm-vp8: 9c59270c3fd7afecdb556c50c9e8de78 -> 
  custom:audio-decoder-ogg-vorbis: bf7c407c2cedff20999df2af8eb42d56 -> 
  custom:audio-encoder-webm-vorbis: bf7c407c2cedff20999df2af8eb42d56 -> 
AssetImportWorkerClient::OnTransportError - code=2 error=End of file
